= Host-specific information ====================================================
$> hostname; uname -msr
e2r8p14.42.fr
Darwin 15.2.0 x86_64
$> date
Tue Jan 12 10:23:23 CET 2016
$> gcc --version
Configured with: --prefix=/Applications/Xcode.app/Contents/Developer/usr --with-gxx-include-dir=/usr/include/c++/4.2.1
Apple LLVM version 7.0.2 (clang-700.1.81)
Target: x86_64-apple-darwin15.2.0
Thread model: posix
$> clang --version
Apple LLVM version 7.0.2 (clang-700.1.81)
Target: x86_64-apple-darwin15.2.0
Thread model: posix

= User files collection ========================================================
Collecting user files from Vogsphere
Repository URL: auto-exam/2016/piscine-c-a-distance-c-exam-training/exam_20160112/cdesvern

= Git history ==================================================================
$> git -C /var/folders/vq/6m_njwts3bx_lk6_cxx3vw9h0000gq/T/tmpfJ4gCf/user log --pretty='%H - %an, %ad : %s'
4ccacc4b5d6d7cb2105667a79b5070ab7791056b - Charles-henry DESVERNAY, Tue Jan 12 10:23:08 2016 +0100 : maff_revalpha
 
= Collected files ==========================================
$> ls -lAR /var/folders/vq/6m_njwts3bx_lk6_cxx3vw9h0000gq/T/tmpfJ4gCf/user
total 8
-rw-r--r--  1 deepthought  deepthought  270 Jan 12 10:23 __GIT_HISTORY
drwxr-xr-x  3 deepthought  deepthought  102 Jan 12 10:23 maff_revalpha

/var/folders/vq/6m_njwts3bx_lk6_cxx3vw9h0000gq/T/tmpfJ4gCf/user/maff_revalpha:
total 8
-rw-r--r--  1 deepthought  deepthought  1112 Jan 12 10:23 maff_revalpha.c
 
= maff_revalpha ================================================================
$> clang -Wextra -Wall -Werror maff_revalpha.c -o user_exe 

= Test 1 ===================================================
$> ./e4091dpnizlgxvi4g2fkoskg
$> diff -U 3 user_output_test1 test1.output | cat -e

Diff OK :D
Grade: 1

= Final grade: 1 ===============================================================
