= Host-specific information ====================================================
$> hostname; uname -msr
e2r10p11.42.fr
Darwin 15.2.0 x86_64
$> date
Tue Jan 12 11:20:00 CET 2016
$> gcc --version
Configured with: --prefix=/Applications/Xcode.app/Contents/Developer/usr --with-gxx-include-dir=/usr/include/c++/4.2.1
Apple LLVM version 7.0.2 (clang-700.1.81)
Target: x86_64-apple-darwin15.2.0
Thread model: posix
$> clang --version
Apple LLVM version 7.0.2 (clang-700.1.81)
Target: x86_64-apple-darwin15.2.0
Thread model: posix

= User files collection ========================================================
Collecting user files from Vogsphere
Repository URL: auto-exam/2016/piscine-c-a-distance-c-exam-training/exam_20160112/cdesvern

= Git history ==================================================================
$> git -C /var/folders/d7/18pccrwj459_m8dzdzsprnnh0000gq/T/tmpEWAfTv/user log --pretty='%H - %an, %ad : %s'
af2c295086911687b01956f92307c4825415590b - Charles-henry DESVERNAY, Tue Jan 12 11:19:36 2016 +0100 : swap_bits
32d1e6c6f1c0bf6861d453449be173c18db363ca - Charles-henry DESVERNAY, Tue Jan 12 11:04:32 2016 +0100 : rot_13
eab118c567497cc6591e7574367c1281d878f78b - Charles-henry DESVERNAY, Tue Jan 12 10:39:12 2016 +0100 : rotone.c
fd0c82b3e307360005ea322a1c6a9a2decab4be5 - Charles-henry DESVERNAY, Tue Jan 12 10:37:20 2016 +0100 : rotone
4ccacc4b5d6d7cb2105667a79b5070ab7791056b - Charles-henry DESVERNAY, Tue Jan 12 10:23:08 2016 +0100 : maff_revalpha
 
= Collected files ==========================================
$> ls -lAR /var/folders/d7/18pccrwj459_m8dzdzsprnnh0000gq/T/tmpEWAfTv/user
total 8
-rw-r--r--  1 deepthought  deepthought  1301 Jan 12 11:20 __GIT_HISTORY
drwxr-xr-x  3 deepthought  deepthought   102 Jan 12 11:20 maff_revalpha
drwxr-xr-x  3 deepthought  deepthought   102 Jan 12 11:20 rot_13
drwxr-xr-x  3 deepthought  deepthought   102 Jan 12 11:20 rotone
drwxr-xr-x  3 deepthought  deepthought   102 Jan 12 11:20 swap_bits

/var/folders/d7/18pccrwj459_m8dzdzsprnnh0000gq/T/tmpEWAfTv/user/maff_revalpha:
total 8
-rw-r--r--  1 deepthought  deepthought  1112 Jan 12 11:20 maff_revalpha.c

/var/folders/d7/18pccrwj459_m8dzdzsprnnh0000gq/T/tmpEWAfTv/user/rot_13:
total 8
-rw-r--r--  1 deepthought  deepthought  1360 Jan 12 11:20 rot_13.c

/var/folders/d7/18pccrwj459_m8dzdzsprnnh0000gq/T/tmpEWAfTv/user/rotone:
total 8
-rw-r--r--  1 deepthought  deepthought  1277 Jan 12 11:20 rotone.c

/var/folders/d7/18pccrwj459_m8dzdzsprnnh0000gq/T/tmpEWAfTv/user/swap_bits:
total 8
-rw-r--r--  1 deepthought  deepthought  1259 Jan 12 11:20 swap_bits.c
 
= swap_bits ====================================================================
$> clang -Wextra -Wall -Werror main.c swap_bits.c -o user_exe 

= Test 1 ===================================================
$> ./1l3zmjblb51b5bcci9n3ljp3
$> diff -U 3 user_output_test1 test1.output | cat -e

Diff OK :D
Grade: 1

= Final grade: 1 ===============================================================
