= Host-specific information ====================================================
$> hostname; uname -msr
e2r1p1.42.fr
Darwin 15.2.0 x86_64
$> date
Tue Jan 12 12:48:23 CET 2016
$> gcc --version
Configured with: --prefix=/Applications/Xcode.app/Contents/Developer/usr --with-gxx-include-dir=/usr/include/c++/4.2.1
Apple LLVM version 7.0.2 (clang-700.1.81)
Target: x86_64-apple-darwin15.2.0
Thread model: posix
$> clang --version
Apple LLVM version 7.0.2 (clang-700.1.81)
Target: x86_64-apple-darwin15.2.0
Thread model: posix

= User files collection ========================================================
Collecting user files from Vogsphere
Repository URL: auto-exam/2016/piscine-c-a-distance-c-exam-training/exam_20160112/cdesvern

= Git history ==================================================================
$> git -C /var/folders/2m/9svv39517xngnzm7572f70nc0000gq/T/tmpbFDdPU/user log --pretty='%H - %an, %ad : %s'
d1ec4bf3647cba05bbbc96cbf366513d37bf5447 - Charles-henry DESVERNAY, Tue Jan 12 12:47:48 2016 +0100 : rev_wstr
bfa690846c14df1b806812dd881f9b261d7de7b9 - Charles-henry DESVERNAY, Tue Jan 12 11:31:13 2016 +0100 : ft_list_size
af2c295086911687b01956f92307c4825415590b - Charles-henry DESVERNAY, Tue Jan 12 11:19:36 2016 +0100 : swap_bits
32d1e6c6f1c0bf6861d453449be173c18db363ca - Charles-henry DESVERNAY, Tue Jan 12 11:04:32 2016 +0100 : rot_13
eab118c567497cc6591e7574367c1281d878f78b - Charles-henry DESVERNAY, Tue Jan 12 10:39:12 2016 +0100 : rotone.c
fd0c82b3e307360005ea322a1c6a9a2decab4be5 - Charles-henry DESVERNAY, Tue Jan 12 10:37:20 2016 +0100 : rotone
4ccacc4b5d6d7cb2105667a79b5070ab7791056b - Charles-henry DESVERNAY, Tue Jan 12 10:23:08 2016 +0100 : maff_revalpha
 
= Collected files ==========================================
$> ls -lAR /var/folders/2m/9svv39517xngnzm7572f70nc0000gq/T/tmpbFDdPU/user
total 8
-rw-r--r--  1 deepthought  deepthought  1895 Jan 12 12:48 __GIT_HISTORY
drwxr-xr-x  4 deepthought  deepthought   136 Jan 12 12:48 ft_list_size
drwxr-xr-x  3 deepthought  deepthought   102 Jan 12 12:48 maff_revalpha
drwxr-xr-x  3 deepthought  deepthought   102 Jan 12 12:48 rev_wstr
drwxr-xr-x  3 deepthought  deepthought   102 Jan 12 12:48 rot_13
drwxr-xr-x  3 deepthought  deepthought   102 Jan 12 12:48 rotone
drwxr-xr-x  3 deepthought  deepthought   102 Jan 12 12:48 swap_bits

/var/folders/2m/9svv39517xngnzm7572f70nc0000gq/T/tmpbFDdPU/user/ft_list_size:
total 16
-rw-r--r--  1 deepthought  deepthought  1021 Jan 12 12:48 ft_list.h
-rw-r--r--  1 deepthought  deepthought  1071 Jan 12 12:48 ft_list_size.c

/var/folders/2m/9svv39517xngnzm7572f70nc0000gq/T/tmpbFDdPU/user/maff_revalpha:
total 8
-rw-r--r--  1 deepthought  deepthought  1112 Jan 12 12:48 maff_revalpha.c

/var/folders/2m/9svv39517xngnzm7572f70nc0000gq/T/tmpbFDdPU/user/rev_wstr:
total 8
-rw-r--r--  1 deepthought  deepthought  1621 Jan 12 12:48 rev_wstr.c

/var/folders/2m/9svv39517xngnzm7572f70nc0000gq/T/tmpbFDdPU/user/rot_13:
total 8
-rw-r--r--  1 deepthought  deepthought  1360 Jan 12 12:48 rot_13.c

/var/folders/2m/9svv39517xngnzm7572f70nc0000gq/T/tmpbFDdPU/user/rotone:
total 8
-rw-r--r--  1 deepthought  deepthought  1277 Jan 12 12:48 rotone.c

/var/folders/2m/9svv39517xngnzm7572f70nc0000gq/T/tmpbFDdPU/user/swap_bits:
total 8
-rw-r--r--  1 deepthought  deepthought  1259 Jan 12 12:48 swap_bits.c
 
= rev_wstr =====================================================================
$> clang -Wextra -Wall -Werror rev_wstr.c -o user_exe 

= Test 1 ===================================================
$> ./zciyjnhrmmhp4hy49wvqullj "THERE'S BUTTER ON MY FACE"
$> diff -U 3 user_output_test1 test1.output | cat -e

Diff OK :D
= Test 2 ===================================================
$> ./cunza7ftxq5t134258le19bm "vingt-huit mille spatules au gravillon"
$> diff -U 3 user_output_test2 test2.output | cat -e

Diff OK :D
= Test 3 ===================================================
$> ./14s0bm9cosz6r6a0ofk9mtrs "..."
$> diff -U 3 user_output_test3 test3.output | cat -e

Diff OK :D
= Test 4 ===================================================
$> ./vff9h4ivhaibqnqampdxv1gq ""
$> diff -U 3 user_output_test4 test4.output | cat -e

Diff OK :D
Grade: 1

= Final grade: 1 ===============================================================
